<?xml version="1.0" encoding="UTF-8"?>
<!-- Generated by org.testng.reporters.JUnitReportReporter -->
<testsuite hostname="DESKTOP-ID58MLR" name="Academy.homePage" tests="2" failures="0" timestamp="6 Apr 2019 07:38:16 GMT" time="26.471" errors="0">
  <testcase name="basePageNavigation" time="15.571" classname="Academy.homePage"/>
  <testcase name="basePageNavigation" time="10.900" classname="Academy.homePage"/>
</testsuite> <!-- Academy.homePage -->
