<?xml version="1.0" encoding="UTF-8"?>
<!-- Generated by org.testng.reporters.JUnitReportReporter -->
<testsuite hostname="DESKTOP-ID58MLR" name="Academy.validateTitle" tests="2" failures="0" timestamp="6 Apr 2019 06:22:29 GMT" time="0.244" errors="0">
  <testcase name="sample" time="0.062" classname="Academy.validateTitle"/>
  <testcase name="basePageNavigation" time="0.182" classname="Academy.validateTitle"/>
</testsuite> <!-- Academy.validateTitle -->
