<?xml version="1.0" encoding="UTF-8"?>
<!-- Generated by org.testng.reporters.JUnitReportReporter -->
<testsuite hostname="DESKTOP-ID58MLR" name="Academy.homePage" tests="2" failures="0" timestamp="6 Apr 2019 06:22:29 GMT" time="95.978" errors="0">
  <testcase name="basePageNavigation" time="69.114" classname="Academy.homePage"/>
  <testcase name="basePageNavigation" time="26.864" classname="Academy.homePage"/>
</testsuite> <!-- Academy.homePage -->
